<?xml version="1.0" encoding="UTF-8"?>
<testng-results ignored="0" total="1" passed="0" failed="1" skipped="0">
  <reporter-output>
    <line>
      <![CDATA[browser name : chrome]]>
    </line>
    <line>
      <![CDATA[[INFO]: Product URL :::: https://www.amazon.in/]]>
    </line>
    <line>
      <![CDATA[Page title is Online Shopping site in India: Shop Online for Mobiles, Books, Watches, Shoes and More - Amazon.in]]>
    </line>
    <line>
      <![CDATA[[INFO]: Session completed]]>
    </line>
  </reporter-output>
  <suite started-at="2021-03-14T22:45:33 IST" name="Default suite" finished-at="2021-03-14T22:45:46 IST" duration-ms="12831">
    <groups>
      <group name="cucumber">
        <method signature="AbstractTestNGCucumberTests.feature(cucumber.api.testng.CucumberFeatureWrapper)[pri:0, instance:com.amazon.runner.RunnerClass@49912c99]" name="feature" class="cucumber.api.testng.AbstractTestNGCucumberTests"/>
      </group> <!-- cucumber -->
    </groups>
    <test started-at="2021-03-14T22:45:33 IST" name="Default test" finished-at="2021-03-14T22:45:46 IST" duration-ms="12831">
      <class name="com.amazon.runner.RunnerClass">
        <test-method is-config="true" signature="setUpClass()[pri:0, instance:com.amazon.runner.RunnerClass@49912c99]" started-at="2021-03-14T22:45:33 IST" name="setUpClass" finished-at="2021-03-14T22:45:34 IST" duration-ms="303" status="PASS">
          <reporter-output>
          </reporter-output>
        </test-method> <!-- setUpClass -->
        <test-method is-config="true" signature="intiateSession()[pri:0, instance:com.amazon.runner.RunnerClass@49912c99]" started-at="2021-03-14T22:45:34 IST" name="intiateSession" finished-at="2021-03-14T22:45:40 IST" duration-ms="6501" status="PASS">
          <reporter-output>
            <line>
              <![CDATA[browser name : chrome]]>
            </line>
          </reporter-output>
        </test-method> <!-- intiateSession -->
        <test-method signature="feature(cucumber.api.testng.CucumberFeatureWrapper)[pri:0, instance:com.amazon.runner.RunnerClass@49912c99]" started-at="2021-03-14T22:45:40 IST" name="feature" description="Runs Cucumber Feature" data-provider="features" finished-at="2021-03-14T22:45:46 IST" duration-ms="5888" status="FAIL">
          <params>
            <param index="0">
              <value>
                <![CDATA[Homepage]]>
              </value>
            </param>
          </params>
          <exception class="cucumber.runtime.CucumberException">
            <message>
              <![CDATA[java.lang.AssertionError: expected [[Assertion Fail] : Navigation bar is not displayed] but found [true]]]>
            </message>
            <full-stacktrace>
              <![CDATA[cucumber.runtime.CucumberException: java.lang.AssertionError: expected [[Assertion Fail] : Navigation bar is not displayed] but found [true]
at cucumber.api.testng.TestNGCucumberRunner.runCucumber(TestNGCucumberRunner.java:69)
at cucumber.api.testng.AbstractTestNGCucumberTests.feature(AbstractTestNGCucumberTests.java:21)
at java.base/jdk.internal.reflect.NativeMethodAccessorImpl.invoke0(Native Method)
at java.base/jdk.internal.reflect.NativeMethodAccessorImpl.invoke(NativeMethodAccessorImpl.java:62)
at java.base/jdk.internal.reflect.DelegatingMethodAccessorImpl.invoke(DelegatingMethodAccessorImpl.java:43)
at java.base/java.lang.reflect.Method.invoke(Method.java:564)
at org.testng.internal.MethodInvocationHelper.invokeMethod(MethodInvocationHelper.java:132)
at org.testng.internal.TestInvoker.invokeMethod(TestInvoker.java:599)
at org.testng.internal.TestInvoker.invokeTestMethod(TestInvoker.java:174)
at org.testng.internal.MethodRunner.runInSequence(MethodRunner.java:46)
at org.testng.internal.TestInvoker$MethodInvocationAgent.invoke(TestInvoker.java:822)
at org.testng.internal.TestInvoker.invokeTestMethods(TestInvoker.java:147)
at org.testng.internal.TestMethodWorker.invokeTestMethods(TestMethodWorker.java:146)
at org.testng.internal.TestMethodWorker.run(TestMethodWorker.java:128)
at java.base/java.util.ArrayList.forEach(ArrayList.java:1511)
at org.testng.TestRunner.privateRun(TestRunner.java:764)
at org.testng.TestRunner.run(TestRunner.java:585)
at org.testng.SuiteRunner.runTest(SuiteRunner.java:384)
at org.testng.SuiteRunner.runSequentially(SuiteRunner.java:378)
at org.testng.SuiteRunner.privateRun(SuiteRunner.java:337)
at org.testng.SuiteRunner.run(SuiteRunner.java:286)
at org.testng.SuiteRunnerWorker.runSuite(SuiteRunnerWorker.java:53)
at org.testng.SuiteRunnerWorker.run(SuiteRunnerWorker.java:96)
at org.testng.TestNG.runSuitesSequentially(TestNG.java:1218)
at org.testng.TestNG.runSuitesLocally(TestNG.java:1140)
at org.testng.TestNG.runSuites(TestNG.java:1069)
at org.testng.TestNG.run(TestNG.java:1037)
at org.testng.remote.AbstractRemoteTestNG.run(AbstractRemoteTestNG.java:115)
at org.testng.remote.RemoteTestNG.initAndRun(RemoteTestNG.java:251)
at org.testng.remote.RemoteTestNG.main(RemoteTestNG.java:77)
Caused by: java.lang.AssertionError: expected [[Assertion Fail] : Navigation bar is not displayed] but found [true]
at org.testng.Assert.fail(Assert.java:99)
at org.testng.Assert.failNotEquals(Assert.java:1037)
at org.testng.Assert.assertEqualsImpl(Assert.java:140)
at org.testng.Assert.assertEquals(Assert.java:122)
at org.testng.Assert.assertEquals(Assert.java:617)
at com.amazon.pages.HomepageActions.verifyNavigationBarForDesktop(HomepageActions.java:37)
at com.amazon.test.HomepageStepDef.verify_navigation_bar_is_displayed_to_user(HomepageStepDef.java:16)
at ✽.And Verify navigation bar is displayed to user(Homepage.feature:11)
]]>
            </full-stacktrace>
          </exception> <!-- cucumber.runtime.CucumberException -->
          <reporter-output>
            <line>
              <![CDATA[[INFO]: Product URL :::: https://www.amazon.in/]]>
            </line>
            <line>
              <![CDATA[Page title is Online Shopping site in India: Shop Online for Mobiles, Books, Watches, Shoes and More - Amazon.in]]>
            </line>
          </reporter-output>
        </test-method> <!-- feature -->
        <test-method is-config="true" signature="closeSession()[pri:0, instance:com.amazon.runner.RunnerClass@49912c99]" started-at="2021-03-14T22:45:46 IST" name="closeSession" finished-at="2021-03-14T22:45:46 IST" duration-ms="0" status="PASS">
          <reporter-output>
            <line>
              <![CDATA[[INFO]: Session completed]]>
            </line>
          </reporter-output>
        </test-method> <!-- closeSession -->
        <test-method is-config="true" signature="tearDownClass()[pri:0, instance:com.amazon.runner.RunnerClass@49912c99]" started-at="2021-03-14T22:45:46 IST" name="tearDownClass" finished-at="2021-03-14T22:45:46 IST" duration-ms="17" status="PASS">
          <reporter-output>
          </reporter-output>
        </test-method> <!-- tearDownClass -->
      </class> <!-- com.amazon.runner.RunnerClass -->
    </test> <!-- Default test -->
  </suite> <!-- Default suite -->
</testng-results>
